<?xml version="1.0" encoding="UTF-8"?>
<testsuite name="DeliveryCostCalculationTest" tests="9" skipped="0" failures="0" errors="0" timestamp="2025-03-08T10:01:42" hostname="DESKTOP-3IE4M5T" time="0.26">
  <properties/>
  <testcase name="testCheapest()" classname="DeliveryCostCalculationTest" time="0.062"/>
  <testcase name="testWorkLoadHigh()" classname="DeliveryCostCalculationTest" time="0.001"/>
  <testcase name="testFrigileAndDistanceElevenKm()" classname="DeliveryCostCalculationTest" time="0.001"/>
  <testcase name="testWorkLoadVeryHigh()" classname="DeliveryCostCalculationTest" time="0.001"/>
  <testcase name="testSmoke()" classname="DeliveryCostCalculationTest" time="0.001"/>
  <testcase name="testNineKmBig()" classname="DeliveryCostCalculationTest" time="0.001"/>
  <testcase name="testFrafaleAndLongDistance()" classname="DeliveryCostCalculationTest" time="0.004"/>
  <testcase name="testMore30km()" classname="DeliveryCostCalculationTest" time="0.001"/>
  <testcase name="testWorkLoadIncreased()" classname="DeliveryCostCalculationTest" time="0.001"/>
  <system-out><![CDATA[]]></system-out>
  <system-err><![CDATA[]]></system-err>
</testsuite>
